<?xml version="1.0" encoding="UTF-8"?>
<testsuite name="HelloWorldTest" tests="1" skipped="0" failures="0" errors="0" timestamp="2019-05-15T05:30:15" hostname="Laurens-MBP" time="0.016">
  <properties/>
  <testcase name="helloWorldTest" classname="HelloWorldTest" time="0.016"/>
  <system-out><![CDATA[]]></system-out>
  <system-err><![CDATA[]]></system-err>
</testsuite>
