<?xml version="1.0" encoding="UTF-8"?>
<testsuite name="TwoferTest" tests="1" skipped="0" failures="0" errors="0" timestamp="2019-05-16T21:09:31" hostname="Laurens-MBP" time="0.019">
  <properties/>
  <testcase name="noNameGiven" classname="TwoferTest" time="0.019"/>
  <system-out><![CDATA[]]></system-out>
  <system-err><![CDATA[]]></system-err>
</testsuite>
